onlineauctionsalewear/build/intermediates/manifest_merge_blame_file/debug/manifest-merger-blame-debug-report.txt
1<?xml version="1.0" encoding="utf-8"?>
2<manifest xmlns:android="http://schemas.android.com/apk/res/android"
3    package="com.shrestharohit.onlineauctionsalewear"
4    android:versionCode="1"
5    android:versionName="1.0" >
6
7    <uses-sdk
8        android:minSdkVersion="28"
8-->src\main\AndroidManifest.xml
9        android:targetSdkVersion="29" />
9-->src\main\AndroidManifest.xml
10
11    <uses-permission android:name="android.permission.WAKE_LOCK" />
11-->src\main\AndroidManifest.xml:5:5-68
11-->src\main\AndroidManifest.xml:5:22-65
12
13    <uses-feature android:name="android.hardware.type.watch" />
13-->src\main\AndroidManifest.xml:7:5-64
13-->src\main\AndroidManifest.xml:7:19-61
14
15    <uses-permission android:name="android.permission.INTERNET" />
15-->src\main\AndroidManifest.xml:9:5-67
15-->src\main\AndroidManifest.xml:9:22-64
16
17    <application
17-->src\main\AndroidManifest.xml:11:5-43:19
18        android:allowBackup="true"
18-->src\main\AndroidManifest.xml:12:9-35
19        android:appComponentFactory="androidx.core.app.CoreComponentFactory"
19-->[androidx.core:core:1.1.0] AndroidManifest.xml:24:18-86
20        android:debuggable="true"
21        android:icon="@mipmap/ic_launcher"
21-->src\main\AndroidManifest.xml:13:9-43
22        android:label="@string/app_name"
22-->src\main\AndroidManifest.xml:14:9-41
23        android:supportsRtl="true"
23-->src\main\AndroidManifest.xml:15:9-35
24        android:theme="@android:style/Theme.DeviceDefault"
24-->src\main\AndroidManifest.xml:16:9-59
25        android:usesCleartextTraffic="true" >
25-->src\main\AndroidManifest.xml:17:9-44
26        <uses-library
26-->src\main\AndroidManifest.xml:18:9-20:39
27            android:name="com.google.android.wearable"
27-->src\main\AndroidManifest.xml:19:13-55
28            android:required="true" />
28-->src\main\AndroidManifest.xml:20:13-36
29
30        <!--
31               Set to true if your app is Standalone, that is, it does not require the handheld
32               app to run.
33        -->
34        <meta-data
34-->src\main\AndroidManifest.xml:26:9-28:36
35            android:name="com.google.android.wearable.standalone"
35-->src\main\AndroidManifest.xml:27:13-66
36            android:value="true" />
36-->src\main\AndroidManifest.xml:28:13-33
37
38        <activity
38-->src\main\AndroidManifest.xml:30:9-33:20
39            android:name="com.shrestharohit.onlineauctionsalewear.DashboardActivity"
39-->src\main\AndroidManifest.xml:31:13-46
40            android:label="@string/title_activity_dashboard" >
40-->src\main\AndroidManifest.xml:32:13-61
41        </activity>
42        <activity
42-->src\main\AndroidManifest.xml:34:9-42:20
43            android:name="com.shrestharohit.onlineauctionsalewear.MainActivity"
43-->src\main\AndroidManifest.xml:35:13-41
44            android:label="@string/app_name" >
44-->src\main\AndroidManifest.xml:36:13-45
45            <intent-filter>
45-->src\main\AndroidManifest.xml:37:13-41:29
46                <action android:name="android.intent.action.MAIN" />
46-->src\main\AndroidManifest.xml:38:17-69
46-->src\main\AndroidManifest.xml:38:25-66
47
48                <category android:name="android.intent.category.LAUNCHER" />
48-->src\main\AndroidManifest.xml:40:17-77
48-->src\main\AndroidManifest.xml:40:27-74
49            </intent-filter>
50        </activity>
51        <activity
51-->[com.google.android.gms:play-services-base:16.0.1] AndroidManifest.xml:23:9-26:75
52            android:name="com.google.android.gms.common.api.GoogleApiActivity"
52-->[com.google.android.gms:play-services-base:16.0.1] AndroidManifest.xml:24:13-79
53            android:exported="false"
53-->[com.google.android.gms:play-services-base:16.0.1] AndroidManifest.xml:25:13-37
54            android:theme="@android:style/Theme.Translucent.NoTitleBar" />
54-->[com.google.android.gms:play-services-base:16.0.1] AndroidManifest.xml:26:13-72
55
56        <meta-data
56-->[com.google.android.gms:play-services-basement:16.0.1] AndroidManifest.xml:23:9-25:69
57            android:name="com.google.android.gms.version"
57-->[com.google.android.gms:play-services-basement:16.0.1] AndroidManifest.xml:24:13-58
58            android:value="@integer/google_play_services_version" />
58-->[com.google.android.gms:play-services-basement:16.0.1] AndroidManifest.xml:25:13-66
59    </application>
60
61</manifest>